INFO	: 14:51:49 MainThread@load_config:		Config file loaded.
INFO	: 14:51:49 MainThread@init_database:		Database setup successfull.
DEBUG	: 14:51:49 Thread-5@run:		Scheduler thread started.
DEBUG	: 14:51:49 Thread-1@run:		Watch thread started.
INFO	: 14:51:54 Thread-5@kill_exploits:		Killing exploits from round 0
DEBUG	: 14:51:54 Thread-5@run_exploits:		Running exploits in round 1
INFO	: 14:51:59 Thread-5@kill_exploits:		Killing exploits from round 1
DEBUG	: 14:51:59 Thread-5@run_exploits:		Running exploits in round 2
INFO	: 14:52:04 Thread-5@kill_exploits:		Killing exploits from round 2
DEBUG	: 14:52:04 Thread-5@run_exploits:		Running exploits in round 3
INFO	: 14:52:09 Thread-5@kill_exploits:		Killing exploits from round 3
DEBUG	: 14:52:09 Thread-5@run_exploits:		Running exploits in round 4
INFO	: 14:52:14 Thread-5@kill_exploits:		Killing exploits from round 4
DEBUG	: 14:52:14 Thread-5@run_exploits:		Running exploits in round 5
INFO	: 14:52:19 Thread-5@kill_exploits:		Killing exploits from round 5
DEBUG	: 14:52:19 Thread-5@run_exploits:		Running exploits in round 6
INFO	: 14:52:24 Thread-5@kill_exploits:		Killing exploits from round 6
DEBUG	: 14:52:24 Thread-5@run_exploits:		Running exploits in round 7
INFO	: 14:52:29 Thread-5@kill_exploits:		Killing exploits from round 7
DEBUG	: 14:52:29 Thread-5@run_exploits:		Running exploits in round 8
INFO	: 14:52:34 Thread-5@kill_exploits:		Killing exploits from round 8
DEBUG	: 14:52:34 Thread-5@run_exploits:		Running exploits in round 9
INFO	: 14:52:39 Thread-5@kill_exploits:		Killing exploits from round 9
DEBUG	: 14:52:39 Thread-5@run_exploits:		Running exploits in round 10
